[debug] [2023-02-05T06:44:30.007Z] ----------------------------------------------------------------------
[debug] [2023-02-05T06:44:30.009Z] Command:       C:\Program Files\nodejs\node.exe C:\Users\ASUS\AppData\Roaming\npm\node_modules\firebase-tools\lib\bin\firebase.js init
[debug] [2023-02-05T06:44:30.010Z] CLI Version:   11.22.0
[debug] [2023-02-05T06:44:30.010Z] Platform:      win32
[debug] [2023-02-05T06:44:30.010Z] Node Version:  v16.13.2
[debug] [2023-02-05T06:44:30.011Z] Time:          Sun Feb 05 2023 12:14:30 GMT+0530 (India Standard Time)
[debug] [2023-02-05T06:44:30.011Z] ----------------------------------------------------------------------
[debug] 
[debug] [2023-02-05T06:44:30.099Z] > command requires scopes: ["email","openid","https://www.googleapis.com/auth/cloudplatformprojects.readonly","https://www.googleapis.com/auth/firebase","https://www.googleapis.com/auth/cloud-platform"]
[debug] [2023-02-05T06:44:30.099Z] > authorizing via signed-in user (therahulrrj007@gmail.com)
[info] 
     ######## #### ########  ######## ########     ###     ######  ########
     ##        ##  ##     ## ##       ##     ##  ##   ##  ##       ##
     ######    ##  ########  ######   ########  #########  ######  ######
     ##        ##  ##    ##  ##       ##     ## ##     ##       ## ##
     ##       #### ##     ## ######## ########  ##     ##  ######  ########

You're about to initialize a Firebase project in this directory:

  C:\Users\ASUS

Before we get started, keep in mind:

  * You are initializing within an existing Firebase project directory

